c:\users\user\source\repos\mylibrary\mylibrary\debug\mylibrary.pch
c:\users\user\source\repos\mylibrary\mylibrary\debug\vc142.pdb
c:\users\user\source\repos\mylibrary\mylibrary\debug\vc142.idb
c:\users\user\source\repos\mylibrary\mylibrary\debug\pch.obj
c:\users\user\source\repos\mylibrary\mylibrary\debug\mylibrary.obj
c:\users\user\source\repos\mylibrary\mylibrary\debug\dllmain.obj
c:\users\user\source\repos\mylibrary\debug\mylibrary.dll
c:\users\user\source\repos\mylibrary\mylibrary\debug\mylibrary.ilk
c:\users\user\source\repos\mylibrary\debug\mylibrary.pdb
c:\users\user\source\repos\mylibrary\debug\mylibrary.lib
c:\users\user\source\repos\mylibrary\debug\mylibrary.exp
e:\!c++projects\bychko_vassili_153505_labs\lab5\mylibrary\mylibrary\debug\dllmain.obj
e:\!c++projects\bychko_vassili_153505_labs\lab5\mylibrary\mylibrary\debug\mylibrary.obj
e:\!c++projects\bychko_vassili_153505_labs\lab5\mylibrary\mylibrary\debug\pch.obj
e:\!c++projects\bychko_vassili_153505_labs\lab5\mylibrary\mylibrary\debug\mylibrary.ilk
e:\!c++projects\bychko_vassili_153505_labs\lab5\mylibrary\mylibrary\debug\mylibrary.pch
e:\!c++projects\bychko_vassili_153505_labs\lab5\mylibrary\mylibrary\debug\vc142.idb
e:\!c++projects\bychko_vassili_153505_labs\lab5\mylibrary\mylibrary\debug\vc142.pdb
e:\!c++projects\bychko_vassili_153505_labs\lab5\mylibrary\debug\mylibrary.pdb
e:\!c++projects\bychko_vassili_153505_labs\lab5\mylibrary\debug\mylibrary.dll
e:\!c++projects\bychko_vassili_153505_labs\lab5\mylibrary\mylibrary\debug\mylibrary.tlog\cl.command.1.tlog
e:\!c++projects\bychko_vassili_153505_labs\lab5\mylibrary\mylibrary\debug\mylibrary.tlog\cl.read.1.tlog
e:\!c++projects\bychko_vassili_153505_labs\lab5\mylibrary\mylibrary\debug\mylibrary.tlog\cl.write.1.tlog
e:\!c++projects\bychko_vassili_153505_labs\lab5\mylibrary\mylibrary\debug\mylibrary.tlog\link.command.1.tlog
e:\!c++projects\bychko_vassili_153505_labs\lab5\mylibrary\mylibrary\debug\mylibrary.tlog\link.read.1.tlog
e:\!c++projects\bychko_vassili_153505_labs\lab5\mylibrary\mylibrary\debug\mylibrary.tlog\link.write.1.tlog
e:\!c++projects\bychko_vassili_153505_labs\lab5\mylibrary\mylibrary\debug\mylibrary.tlog\mylibrary.write.1u.tlog
